<?xml version="1.0" encoding="UTF-8"?>
<!-- Generated by org.testng.reporters.JUnitReportReporter -->
<testsuite hostname="DESKTOP-8QC2CD5" failures="1" tests="6" name="com.test.classes.CheckMovieDetailsTests" time="35.055" errors="0" timestamp="18 Aug 2022 11:28:45 GMT" skipped="3">
  <testcase classname="com.test.classes.CheckMovieDetailsTests" name="getMovieReleaseDateFromIMDB" time="17.039"/>
  <testcase classname="com.test.classes.CheckMovieDetailsTests" name="getMovieReleaseDateFromWikipedia" time="9.499"/>
  <testcase classname="com.test.classes.CheckMovieDetailsTests" name="assertExtractedDetails" time="1.601">
    <skipped/>
  </testcase> <!-- assertExtractedDetails -->
  <testcase classname="com.test.classes.CheckMovieDetailsTests" name="assertExtractedDetails" time="2.066">
    <failure message="expected [17 December 2021] but found [January 7, 2022 (United States)]" type="java.lang.AssertionError">
      <![CDATA[java.lang.AssertionError: expected [17 December 2021] but found [January 7, 2022 (United States)]
at org.testng.Assert.fail(Assert.java:96)
at org.testng.Assert.failNotEquals(Assert.java:776)
at org.testng.Assert.assertEqualsImpl(Assert.java:137)
at org.testng.Assert.assertEquals(Assert.java:118)
at org.testng.Assert.assertEquals(Assert.java:453)
at org.testng.Assert.assertEquals(Assert.java:463)
at com.test.classes.CheckMovieDetailsTests.assertExtractedDetails(CheckMovieDetailsTests.java:101)
at java.base/jdk.internal.reflect.NativeMethodAccessorImpl.invoke0(Native Method)
at java.base/jdk.internal.reflect.NativeMethodAccessorImpl.invoke(NativeMethodAccessorImpl.java:77)
at java.base/jdk.internal.reflect.DelegatingMethodAccessorImpl.invoke(DelegatingMethodAccessorImpl.java:43)
at java.base/java.lang.reflect.Method.invoke(Method.java:568)
at org.testng.internal.MethodInvocationHelper.invokeMethod(MethodInvocationHelper.java:124)
at org.testng.internal.Invoker.invokeMethod(Invoker.java:583)
at org.testng.internal.Invoker.retryFailed(Invoker.java:839)
at org.testng.internal.Invoker.invokeTestMethods(Invoker.java:1010)
at org.testng.internal.TestMethodWorker.invokeTestMethods(TestMethodWorker.java:125)
at org.testng.internal.TestMethodWorker.run(TestMethodWorker.java:109)
at org.testng.TestRunner.privateRun(TestRunner.java:648)
at org.testng.TestRunner.run(TestRunner.java:505)
at org.testng.SuiteRunner.runTest(SuiteRunner.java:455)
at org.testng.SuiteRunner.runSequentially(SuiteRunner.java:450)
at org.testng.SuiteRunner.privateRun(SuiteRunner.java:415)
at org.testng.SuiteRunner.run(SuiteRunner.java:364)
at org.testng.SuiteRunnerWorker.runSuite(SuiteRunnerWorker.java:52)
at org.testng.SuiteRunnerWorker.run(SuiteRunnerWorker.java:84)
at org.testng.TestNG.runSuitesSequentially(TestNG.java:1208)
at org.testng.TestNG.runSuitesLocally(TestNG.java:1137)
at org.testng.TestNG.runSuites(TestNG.java:1049)
at org.testng.TestNG.run(TestNG.java:1017)
at org.testng.remote.AbstractRemoteTestNG.run(AbstractRemoteTestNG.java:115)
at org.testng.remote.RemoteTestNG.initAndRun(RemoteTestNG.java:251)
at org.testng.remote.RemoteTestNG.main(RemoteTestNG.java:77)
]]>
    </failure>
  </testcase> <!-- assertExtractedDetails -->
  <testcase classname="com.test.classes.CheckMovieDetailsTests" name="assertExtractedDetails" time="1.762">
    <skipped/>
  </testcase> <!-- assertExtractedDetails -->
  <testcase classname="com.test.classes.CheckMovieDetailsTests" name="assertExtractedDetails" time="3.088">
    <skipped/>
  </testcase> <!-- assertExtractedDetails -->
</testsuite> <!-- com.test.classes.CheckMovieDetailsTests -->
